-------------------------------------------------------------------------------
Test set: com.parkit.parkingsystem.dao.ParkingSpotDAOTest
-------------------------------------------------------------------------------
Tests run: 1, Failures: 0, Errors: 1, Skipped: 0, Time elapsed: 0.016 s <<< FAILURE! - in com.parkit.parkingsystem.dao.ParkingSpotDAOTest
givenVehicle_whenArrival_shouldReturnAvailableSlot  Time elapsed: 0 s  <<< ERROR!
java.lang.NullPointerException: Cannot invoke "com.parkit.parkingsystem.util.InputReaderUtil.readSelection()" because "com.parkit.parkingsystem.dao.ParkingSpotDAOTest.inputReaderUtil" is null
	at com.parkit.parkingsystem.dao.ParkingSpotDAOTest.setup(ParkingSpotDAOTest.java:26)

